{
  "RSpec": {
    "coverage": {
      "/Users/elly/Desktop/Projects/RPS_Challenge/spec/features/game_spec.rb": [
        null,
        null,
        null,
        null,
        1,
        1,
        1,
        1,
        1,
        1,
        1,
        1,
        null,
        null,
        1,
        1,
        1,
        1,
        1,
        1,
        1,
        null,
        null,
        1,
        1,
        1,
        1,
        1,
        1,
        1,
        null,
        null,
        null
      ],
      "/Users/elly/Desktop/Projects/RPS_Challenge/spec/features/name_spec.rb": [
        null,
        null,
        null,
        null,
        1,
        null,
        1,
        1,
        1,
        1,
        1,
        1,
        null,
        null,
        1,
        1,
        1,
        1,
        1,
        1,
        1,
        null,
        null,
        null
      ],
      "/Users/elly/Desktop/Projects/RPS_Challenge/spec/game_1_spec.rb": [
        1,
        null,
        1,
        null,
        6,
        6,
        6,
        1,
        1,
        1,
        null,
        1,
        1,
        null,
        null,
        1,
        1,
        null,
        null,
        1,
        1,
        1,
        1,
        null,
        null,
        1,
        1,
        1,
        1,
        null,
        null,
        1,
        1,
        1,
        1,
        null,
        null,
        null
      ],
      "/Users/elly/Desktop/Projects/RPS_Challenge/spec/player_spec.rb": [
        1,
        null,
        1,
        null,
        2,
        null,
        1,
        1,
        null,
        null,
        null
      ]
    },
    "timestamp": 1542630218
  }
}
